<?xml version="1.0" encoding="UTF-8"?>
<Site BuildName="(empty)"
	BuildStamp="20240616-0057-Experimental"
	Name="(empty)"
	Generator="ctest-3.29.3"
	CompilerName=""
	CompilerVersion=""
	OSName="macOS"
	Hostname="Yuan.local"
	OSRelease="14.5"
	OSVersion="23F79"
	OSPlatform="x86_64"
	Is64Bits="1"
	VendorString="GenuineIntel"
	VendorID="Intel Corporation"
	FamilyID="6"
	ModelID="142"
	ProcessorCacheSize="32768"
	NumberOfLogicalCPU="8"
	NumberOfPhysicalCPU="4"
	TotalVirtualMemory="3072"
	TotalPhysicalMemory="16384"
	LogicalProcessorsPerPhysical="8"
	ProcessorClockFrequency="2300"
	>
	<Testing>
		<StartDateTime>Jun 16 09:01 CST</StartDateTime>
		<StartTestTime>1718499684</StartTestTime>
		<TestList/>
		<EndDateTime>Jun 16 09:01 CST</EndDateTime>
		<EndTestTime>1718499684</EndTestTime>
		<ElapsedMinutes>0</ElapsedMinutes>
	</Testing>
</Site>
